<?xml version="1.0" encoding="UTF-8"?>
<testng-results ignored="0" total="2" passed="2" failed="0" skipped="0">
  <reporter-output>
  </reporter-output>
  <suite started-at="2025-01-04T11:32:15 IST" name="Default suite" finished-at="2025-01-04T11:32:25 IST" duration-ms="10444">
    <groups>
    </groups>
    <test started-at="2025-01-04T11:32:15 IST" name="Default test" finished-at="2025-01-04T11:32:25 IST" duration-ms="10444">
      <class name="TestNG.AssertionExample">
        <test-method signature="Login()[pri:1, instance:TestNG.AssertionExample@5fe94a96]" started-at="2025-01-04T11:32:15 IST" name="Login" finished-at="2025-01-04T11:32:23 IST" duration-ms="8560" status="PASS">
          <reporter-output>
          </reporter-output>
        </test-method> <!-- Login -->
        <test-method signature="Logout()[pri:2, instance:TestNG.AssertionExample@5fe94a96]" started-at="2025-01-04T11:32:23 IST" name="Logout" finished-at="2025-01-04T11:32:25 IST" duration-ms="1819" status="PASS">
          <reporter-output>
          </reporter-output>
        </test-method> <!-- Logout -->
      </class> <!-- TestNG.AssertionExample -->
    </test> <!-- Default test -->
  </suite> <!-- Default suite -->
</testng-results>
